<?xml version="1.0" encoding="UTF-8"?>
<testsuite xmlns:xsi="http://www.w3.org/2001/XMLSchema-instance" xsi:noNamespaceSchemaLocation="https://maven.apache.org/surefire/maven-surefire-plugin/xsd/surefire-test-report.xsd" name="hu.unideb.inf.beadando.teszt.JatekVezerloTest" time="3.375" tests="11" errors="0" skipped="0" failures="0">
  <properties>
    <property name="java.runtime.name" value="Java(TM) SE Runtime Environment"/>
    <property name="sun.boot.library.path" value="D:\programozas\java\jdk1.8.0_121\jre\bin"/>
    <property name="java.vm.version" value="25.121-b13"/>
    <property name="java.vm.vendor" value="Oracle Corporation"/>
    <property name="maven.multiModuleProjectDirectory" value="D:\programozas\workspace\Sudoku"/>
    <property name="java.vendor.url" value="http://java.oracle.com/"/>
    <property name="path.separator" value=";"/>
    <property name="guice.disable.misplaced.annotation.check" value="true"/>
    <property name="java.vm.name" value="Java HotSpot(TM) 64-Bit Server VM"/>
    <property name="file.encoding.pkg" value="sun.io"/>
    <property name="user.script" value=""/>
    <property name="user.country" value="HU"/>
    <property name="sun.java.launcher" value="SUN_STANDARD"/>
    <property name="sun.os.patch.level" value=""/>
    <property name="java.vm.specification.name" value="Java Virtual Machine Specification"/>
    <property name="user.dir" value="D:\programozas\workspace\Sudoku"/>
    <property name="java.runtime.version" value="1.8.0_121-b13"/>
    <property name="java.awt.graphicsenv" value="sun.awt.Win32GraphicsEnvironment"/>
    <property name="java.endorsed.dirs" value="D:\programozas\java\jdk1.8.0_121\jre\lib\endorsed"/>
    <property name="os.arch" value="amd64"/>
    <property name="java.io.tmpdir" value="C:\Users\STARLI~1\AppData\Local\Temp\"/>
    <property name="line.separator" value="&#10;"/>
    <property name="java.vm.specification.vendor" value="Oracle Corporation"/>
    <property name="user.variant" value=""/>
    <property name="os.name" value="Windows 10"/>
    <property name="classworlds.conf" value="D:\programozas\apache-maven-3.3.9\bin\m2.conf"/>
    <property name="sun.jnu.encoding" value="Cp1250"/>
    <property name="java.library.path" value="D:\programozas\java\jdk1.8.0_121\bin;C:\WINDOWS\Sun\Java\bin;C:\WINDOWS\system32;C:\WINDOWS;D:\Program Files (x86)\CollabNet;D:\programozas\Delphi\IDE\Embarcadero\Studio\15.0\bin;C:\Users\Public\Documents\Embarcadero\Studio\15.0\Bpl;D:\programozas\Delphi\IDE\Embarcadero\Studio\15.0\bin64;C:\Users\Public\Documents\Embarcadero\Studio\15.0\Bpl\Win64;C:\WINDOWS\system32;C:\WINDOWS;C:\WINDOWS\System32\Wbem;C:\WINDOWS\System32\WindowsPowerShell\v1.0\;C:\Program Files (x86)\ATI Technologies\ATI.ACE\Core-Static;C:\Program Files (x86)\AMD\ATI.ACE\Core-Static;D:\programozas\java\jre1.8.0_121\bin;C:\Program Files (x86)\Java\jre1.8.0_121\bin;D:\programozas\java\jdk1.8.0_121\bin;C:\ProgramData\Oracle\Java\javapath;C:\Program Files (x86)\GtkSharp\2.12\bin;C:\WINDOWS\system32\config\systemprofile\.dnx\bin;C:\Program Files\Microsoft DNX\Dnvm\;C:\Program Files (x86)\Windows Kits\8.1\Windows Performance Toolkit\;C:\Windows\Microsoft.NET\Framework64\v4.0.30319;C:\Users\STARLIGHT\AppData\Local\Microsoft\WindowsApps;D:\programozas\MinGW\bin;D:\programozas\apache-maven-3.3.9\bin;D:\programozas\apache-ant-1.9.4\bin;;."/>
    <property name="java.specification.name" value="Java Platform API Specification"/>
    <property name="java.class.version" value="52.0"/>
    <property name="sun.management.compiler" value="HotSpot 64-Bit Tiered Compilers"/>
    <property name="os.version" value="10.0"/>
    <property name="user.home" value="C:\Users\STARLIGHT"/>
    <property name="user.timezone" value="Europe/Prague"/>
    <property name="java.awt.printerjob" value="sun.awt.windows.WPrinterJob"/>
    <property name="java.specification.version" value="1.8"/>
    <property name="file.encoding" value="Cp1250"/>
    <property name="user.name" value="STARLIGHT"/>
    <property name="java.class.path" value="D:\programozas\apache-maven-3.3.9\boot\plexus-classworlds-2.5.2.jar"/>
    <property name="java.vm.specification.version" value="1.8"/>
    <property name="sun.arch.data.model" value="64"/>
    <property name="java.home" value="D:\programozas\java\jdk1.8.0_121\jre"/>
    <property name="sun.java.command" value="org.codehaus.plexus.classworlds.launcher.Launcher package"/>
    <property name="java.specification.vendor" value="Oracle Corporation"/>
    <property name="user.language" value="hu"/>
    <property name="awt.toolkit" value="sun.awt.windows.WToolkit"/>
    <property name="java.vm.info" value="mixed mode"/>
    <property name="java.version" value="1.8.0_121"/>
    <property name="java.ext.dirs" value="D:\programozas\java\jdk1.8.0_121\jre\lib\ext;C:\WINDOWS\Sun\Java\lib\ext"/>
    <property name="sun.boot.class.path" value="D:\programozas\java\jdk1.8.0_121\jre\lib\resources.jar;D:\programozas\java\jdk1.8.0_121\jre\lib\rt.jar;D:\programozas\java\jdk1.8.0_121\jre\lib\sunrsasign.jar;D:\programozas\java\jdk1.8.0_121\jre\lib\jsse.jar;D:\programozas\java\jdk1.8.0_121\jre\lib\jce.jar;D:\programozas\java\jdk1.8.0_121\jre\lib\charsets.jar;D:\programozas\java\jdk1.8.0_121\jre\lib\jfr.jar;D:\programozas\java\jdk1.8.0_121\jre\classes"/>
    <property name="sun.stderr.encoding" value="cp852"/>
    <property name="java.vendor" value="Oracle Corporation"/>
    <property name="maven.home" value="D:\programozas\apache-maven-3.3.9"/>
    <property name="file.separator" value="\"/>
    <property name="java.vendor.url.bug" value="http://bugreport.sun.com/bugreport/"/>
    <property name="sun.cpu.endian" value="little"/>
    <property name="sun.io.unicode.encoding" value="UnicodeLittle"/>
    <property name="sun.stdout.encoding" value="cp852"/>
    <property name="sun.desktop" value="windows"/>
    <property name="sun.cpu.isalist" value="amd64"/>
  </properties>
  <testcase name="beállítJátékosNévTeszt" classname="hu.unideb.inf.beadando.teszt.JatekVezerloTest" time="0.532"/>
  <testcase name="lekérTáblaVezérlőTeszt" classname="hu.unideb.inf.beadando.teszt.JatekVezerloTest" time="0"/>
  <testcase name="lekérElteltIdőTeszt" classname="hu.unideb.inf.beadando.teszt.JatekVezerloTest" time="2.297"/>
  <testcase name="setBetöltTeszt" classname="hu.unideb.inf.beadando.teszt.JatekVezerloTest" time="0.063"/>
  <testcase name="indítHiányTeszt" classname="hu.unideb.inf.beadando.teszt.JatekVezerloTest" time="0"/>
  <testcase name="indítÉsInicializálásTeszt" classname="hu.unideb.inf.beadando.teszt.JatekVezerloTest" time="0"/>
  <testcase name="létrehozJátékTáblaNegatívMérettelTeszt" classname="hu.unideb.inf.beadando.teszt.JatekVezerloTest" time="0"/>
  <testcase name="befejezTeszt" classname="hu.unideb.inf.beadando.teszt.JatekVezerloTest" time="0"/>
  <testcase name="feladTeszt" classname="hu.unideb.inf.beadando.teszt.JatekVezerloTest" time="0.234"/>
  <testcase name="létrehozJátékTáblaHibásPozitívMérettelTeszt" classname="hu.unideb.inf.beadando.teszt.JatekVezerloTest" time="0"/>
  <testcase name="lérehozJátékTáblaHelyesMérettelTeszt" classname="hu.unideb.inf.beadando.teszt.JatekVezerloTest" time="0.031"/>
</testsuite>